\BOOKMARK [1][-]{section.1}{Definition of the problem}{}% 1
\BOOKMARK [2][-]{subsection.1.1}{Project Overview}{section.1}% 2
\BOOKMARK [2][-]{subsection.1.2}{Problem Statement}{section.1}% 3
\BOOKMARK [2][-]{subsection.1.3}{Metrics}{section.1}% 4
\BOOKMARK [1][-]{section.2}{Analysis}{}% 5
\BOOKMARK [2][-]{subsection.2.1}{Data Exploration: RoboschoolHumanoid-v1}{section.2}% 6
\BOOKMARK [3][-]{subsubsection.2.1.1}{Observation space}{subsection.2.1}% 7
\BOOKMARK [3][-]{subsubsection.2.1.2}{Action space}{subsection.2.1}% 8
\BOOKMARK [3][-]{subsubsection.2.1.3}{Reward}{subsection.2.1}% 9
\BOOKMARK [2][-]{subsection.2.2}{Exploratory Visualization}{section.2}% 10
\BOOKMARK [2][-]{subsection.2.3}{Algorithm and Techniques}{section.2}% 11
\BOOKMARK [2][-]{subsection.2.4}{Benchmark}{section.2}% 12
\BOOKMARK [1][-]{section.3}{Methodology}{}% 13
\BOOKMARK [2][-]{subsection.3.1}{Data Preprocessing}{section.3}% 14
\BOOKMARK [2][-]{subsection.3.2}{Implementation}{section.3}% 15
\BOOKMARK [3][-]{subsubsection.3.2.1}{Replay buffer}{subsection.3.2}% 16
\BOOKMARK [3][-]{subsubsection.3.2.2}{Neural networks: Actor and Critic}{subsection.3.2}% 17
\BOOKMARK [2][-]{subsection.3.3}{Refinement}{section.3}% 18
\BOOKMARK [1][-]{section.4}{Results}{}% 19
\BOOKMARK [2][-]{subsection.4.1}{Model Evaluation and Validation}{section.4}% 20
\BOOKMARK [2][-]{subsection.4.2}{Justification}{section.4}% 21
\BOOKMARK [1][-]{section.5}{Conclusion}{}% 22
\BOOKMARK [2][-]{subsection.5.1}{Free-Form Visualization}{section.5}% 23
\BOOKMARK [2][-]{subsection.5.2}{Reflection}{section.5}% 24
\BOOKMARK [2][-]{subsection.5.3}{Improvement}{section.5}% 25
